<?xml version="1.0" encoding="UTF-8"?>
<!-- Generated by org.testng.reporters.JUnitXMLReporter -->
<testsuite ignored="0" hostname="DESKTOP-INPEV6M" failures="0" tests="2" name="Surefire test" time="26.217" errors="0" timestamp="2024-07-19T19:55:41 IST">
  <testcase classname="io.cucumber.testng.AbstractTestNGCucumberTests" name="runScenario" time="16.277"/>
  <testcase classname="io.cucumber.testng.AbstractTestNGCucumberTests" name="runScenario" time="9.252"/>
</testsuite> <!-- Surefire test -->
